<?xml version="1.0" encoding="UTF-8"?>
<!-- Generated by org.testng.reporters.JUnitXMLReporter -->
<testsuite ignored="0" hostname="DESKTOP-P4N61A7" failures="0" tests="1" name="FirefoxTest" time="0.111" errors="0" timestamp="2022-05-29T09:45:39 IST">
  <testcase classname="maven1.VarifyFacebookLogin" name="@BeforeTest launchBrowser" time="0.0">
    <failure type="java.lang.NullPointerException" message="Cannot invoke &amp;quot;org.openqa.selenium.WebDriver.manage()&amp;quot; because &amp;quot;this.driver&amp;quot; is null">
      <![CDATA[java.lang.NullPointerException: Cannot invoke "org.openqa.selenium.WebDriver.manage()" because "this.driver" is null
at maven1.VarifyFacebookLogin.launchBrowser(VarifyFacebookLogin.java:35)
... Removed 24 stack frames]]>
    </failure>
  </testcase> <!-- @BeforeTest launchBrowser -->
  <testcase classname="maven1.VarifyFacebookLogin" name="@BeforeClass CreatePOMpage" time="-1.653797739725E9">
    <skipped/>
  </testcase> <!-- @BeforeClass CreatePOMpage -->
  <testcase classname="maven1.VarifyFacebookLogin" name="@BeforeMethod launchapplication" time="-1.653797739753E9">
    <skipped/>
  </testcase> <!-- @BeforeMethod launchapplication -->
  <testcase classname="maven1.VarifyFacebookLogin" name="open" time="0.001">
    <skipped/>
  </testcase> <!-- open -->
</testsuite> <!-- FirefoxTest -->
