<?xml version="1.0" encoding="UTF-8"?>
<!-- Generated by org.testng.reporters.JUnitXMLReporter -->
<testsuite ignored="0" hostname="DESKTOP-P4N61A7" failures="0" tests="1" name="Test3" time="0.035" errors="0" timestamp="2022-05-30T11:18:20 IST">
  <testcase classname="maven1.VarifyFacebookLogin" name="@BeforeTest launchBrowser" time="0.0">
    <failure type="java.lang.Error" message="Unresolved compilation problem: 
	The method openOperaBrowser() is undefined for the type Base
">
      <![CDATA[java.lang.Error: Unresolved compilation problem: 
The method openOperaBrowser() is undefined for the type Base

at maven1.VarifyFacebookLogin.launchBrowser(VarifyFacebookLogin.java:39)
... Removed 24 stack frames]]>
    </failure>
  </testcase> <!-- @BeforeTest launchBrowser -->
  <testcase classname="maven1.VarifyFacebookLogin" name="@BeforeClass CreatePOMpage" time="-1.653889700928E9">
    <skipped/>
  </testcase> <!-- @BeforeClass CreatePOMpage -->
  <testcase classname="maven1.VarifyFacebookLogin" name="@BeforeMethod launchapplication" time="-1.653889700934E9">
    <skipped/>
  </testcase> <!-- @BeforeMethod launchapplication -->
  <testcase classname="maven1.VarifyFacebookLogin" name="@AfterTest logout" time="-1.653889700954E9">
    <skipped/>
  </testcase> <!-- @AfterTest logout -->
  <testcase classname="maven1.VarifyFacebookLogin" name="open" time="0.0">
    <skipped/>
  </testcase> <!-- open -->
</testsuite> <!-- Test3 -->
