<?xml version="1.0" encoding="UTF-8"?>
<!-- Generated by org.testng.reporters.JUnitXMLReporter -->
<testsuite ignored="0" hostname="DESKTOP-P4N61A7" failures="0" tests="1" name="Test2" time="0.073" errors="0" timestamp="2022-05-31T17:34:45 IST">
  <testcase classname="maven1.VarifyFacebookLogin" name="@BeforeTest launchBrowser" time="0.004">
    <failure type="java.lang.NullPointerException" message="Cannot invoke &amp;quot;org.openqa.selenium.WebDriver.manage()&amp;quot; because &amp;quot;this.driver&amp;quot; is null">
      <![CDATA[java.lang.NullPointerException: Cannot invoke "org.openqa.selenium.WebDriver.manage()" because "this.driver" is null
at maven1.VarifyFacebookLogin.launchBrowser(VarifyFacebookLogin.java:38)
... Removed 24 stack frames]]>
    </failure>
  </testcase> <!-- @BeforeTest launchBrowser -->
  <testcase classname="maven1.VarifyFacebookLogin" name="@BeforeClass CreatePOMpage" time="-1.653998685265E9">
    <skipped/>
  </testcase> <!-- @BeforeClass CreatePOMpage -->
  <testcase classname="maven1.VarifyFacebookLogin" name="@BeforeMethod launchapplication" time="-1.653998685277E9">
    <skipped/>
  </testcase> <!-- @BeforeMethod launchapplication -->
  <testcase classname="maven1.VarifyFacebookLogin" name="@AfterTest logout" time="-1.653998685295E9">
    <skipped/>
  </testcase> <!-- @AfterTest logout -->
  <testcase classname="maven1.VarifyFacebookLogin" name="open" time="0.0">
    <skipped/>
  </testcase> <!-- open -->
</testsuite> <!-- Test2 -->
