<?xml version="1.0" encoding="UTF-8"?>
<!-- Generated by org.testng.reporters.JUnitXMLReporter -->
<testsuite ignored="0" hostname="DESKTOP-P4N61A7" failures="0" tests="4" name="Test" time="0.107" errors="0" timestamp="2022-05-30T10:52:05 IST">
  <testcase classname="maven1.Demo1" name="testA" time="0.007"/>
  <testcase classname="maven1.Demo1" name="testB" time="0.002"/>
  <testcase classname="maven1.Demo2" name="testA" time="0.006"/>
  <testcase classname="maven1.Demo2" name="testB" time="0.002"/>
</testsuite> <!-- Test -->
